{"contracts/ERC20Modified.sol":{"l":{"41":69,"50":1,"51":1,"53":1,"62":1,"63":1,"65":1,"78":5,"91":6,"93":4,"109":4,"117":3,"118":2,"120":1,"128":3,"129":2,"131":1,"139":11,"141":10,"145":10,"147":8,"150":2,"159":2,"160":2,"169":6,"172":5,"175":4,"178":4,"179":1,"184":3,"185":3,"200":97,"201":96,"203":95,"216":79},"path":"/Users/jesperkristensen/Dropbox/PycharmProjects/ERC20TokenModified/contracts/ERC20Modified.sol","s":{"1":69,"2":1,"3":1,"4":1,"5":1,"6":1,"7":1,"8":5,"9":6,"10":2,"11":4,"12":1,"13":3,"14":4,"15":3,"16":2,"17":1,"18":3,"19":2,"20":1,"21":11,"22":10,"23":10,"24":8,"25":2,"26":2,"27":2,"28":6,"29":5,"30":4,"31":4,"32":3,"33":3,"34":97,"35":96,"36":95,"37":79},"b":{"1":[2,4],"2":[1,3],"3":[2,1],"4":[1,1],"5":[2,1],"6":[1,1],"7":[10,1],"8":[8,2],"9":[2,0],"10":[5,1],"11":[4,1],"12":[1,3],"13":[3,0],"14":[1,96],"15":[1,95]},"f":{"1":69,"2":1,"3":1,"4":5,"5":6,"6":4,"7":3,"8":3,"9":11,"10":2,"11":6,"12":97,"13":79},"fnMap":{"1":{"name":"constructor","line":39,"loc":{"start":{"line":37,"column":4},"end":{"line":42,"column":4}}},"2":{"name":"setBuyPrice","line":49,"loc":{"start":{"line":49,"column":4},"end":{"line":54,"column":4}}},"3":{"name":"setSellPrice","line":61,"loc":{"start":{"line":61,"column":4},"end":{"line":66,"column":4}}},"4":{"name":"mintTokensToAddress","line":76,"loc":{"start":{"line":74,"column":4},"end":{"line":79,"column":4}}},"5":{"name":"changeBalanceAtAddress","line":89,"loc":{"start":{"line":87,"column":4},"end":{"line":95,"column":4}}},"6":{"name":"authoritativeTransferFrom","line":108,"loc":{"start":{"line":104,"column":4},"end":{"line":110,"column":4}}},"7":{"name":"ban","line":116,"loc":{"start":{"line":116,"column":4},"end":{"line":121,"column":4}}},"8":{"name":"unban","line":127,"loc":{"start":{"line":127,"column":4},"end":{"line":132,"column":4}}},"9":{"name":"buy","line":138,"loc":{"start":{"line":138,"column":4},"end":{"line":152,"column":4}}},"10":{"name":"withdraw","line":157,"loc":{"start":{"line":157,"column":4},"end":{"line":161,"column":4}}},"11":{"name":"sellBack","line":168,"loc":{"start":{"line":168,"column":4},"end":{"line":186,"column":4}}},"12":{"name":"_beforeTokenTransfer","line":194,"loc":{"start":{"line":194,"column":4},"end":{"line":204,"column":4}}},"13":{"name":"_mint","line":211,"loc":{"start":{"line":211,"column":4},"end":{"line":217,"column":4}}}},"statementMap":{"1":{"start":{"line":41,"column":8},"end":{"line":41,"column":61}},"2":{"start":{"line":50,"column":8},"end":{"line":50,"column":48}},"3":{"start":{"line":51,"column":8},"end":{"line":51,"column":31}},"4":{"start":{"line":53,"column":8},"end":{"line":53,"column":56}},"5":{"start":{"line":62,"column":8},"end":{"line":62,"column":58}},"6":{"start":{"line":63,"column":8},"end":{"line":63,"column":42}},"7":{"start":{"line":65,"column":8},"end":{"line":65,"column":56}},"8":{"start":{"line":78,"column":8},"end":{"line":78,"column":31}},"9":{"start":{"line":91,"column":8},"end":{"line":91,"column":33}},"10":{"start":{"line":91,"column":27},"end":{"line":91,"column":33}},"11":{"start":{"line":93,"column":8},"end":{"line":93,"column":4055}},"12":{"start":{"line":93,"column":26},"end":{"line":93,"column":58}},"13":{"start":{"line":94,"column":13},"end":{"line":94,"column":44}},"14":{"start":{"line":109,"column":8},"end":{"line":109,"column":34}},"15":{"start":{"line":117,"column":8},"end":{"line":117,"column":54}},"16":{"start":{"line":118,"column":8},"end":{"line":118,"column":53}},"17":{"start":{"line":120,"column":8},"end":{"line":120,"column":26}},"18":{"start":{"line":128,"column":8},"end":{"line":128,"column":53}},"19":{"start":{"line":129,"column":8},"end":{"line":129,"column":53}},"20":{"start":{"line":131,"column":8},"end":{"line":131,"column":27}},"21":{"start":{"line":139,"column":8},"end":{"line":139,"column":67}},"22":{"start":{"line":141,"column":8},"end":{"line":141,"column":56}},"23":{"start":{"line":145,"column":8},"end":{"line":145,"column":5856}},"24":{"start":{"line":147,"column":12},"end":{"line":147,"column":61}},"25":{"start":{"line":150,"column":12},"end":{"line":150,"column":42}},"26":{"start":{"line":159,"column":8},"end":{"line":159,"column":76}},"27":{"start":{"line":160,"column":8},"end":{"line":160,"column":42}},"28":{"start":{"line":169,"column":8},"end":{"line":169,"column":69}},"29":{"start":{"line":172,"column":8},"end":{"line":172,"column":47}},"30":{"start":{"line":175,"column":8},"end":{"line":175,"column":69}},"31":{"start":{"line":178,"column":8},"end":{"line":178,"column":7262}},"32":{"start":{"line":184,"column":8},"end":{"line":184,"column":72}},"33":{"start":{"line":185,"column":8},"end":{"line":185,"column":43}},"34":{"start":{"line":200,"column":8},"end":{"line":200,"column":54}},"35":{"start":{"line":201,"column":8},"end":{"line":201,"column":50}},"36":{"start":{"line":203,"column":8},"end":{"line":203,"column":51}},"37":{"start":{"line":216,"column":8},"end":{"line":216,"column":35}}},"branchMap":{"1":{"line":91,"type":"if","locations":[{"start":{"line":91,"column":8},"end":{"line":91,"column":8}},{"start":{"line":91,"column":8},"end":{"line":91,"column":8}}]},"2":{"line":93,"type":"if","locations":[{"start":{"line":93,"column":8},"end":{"line":93,"column":8}},{"start":{"line":93,"column":8},"end":{"line":93,"column":8}}]},"3":{"line":117,"type":"if","locations":[{"start":{"line":117,"column":8},"end":{"line":117,"column":8}},{"start":{"line":117,"column":8},"end":{"line":117,"column":8}}]},"4":{"line":118,"type":"if","locations":[{"start":{"line":118,"column":8},"end":{"line":118,"column":8}},{"start":{"line":118,"column":8},"end":{"line":118,"column":8}}]},"5":{"line":128,"type":"if","locations":[{"start":{"line":128,"column":8},"end":{"line":128,"column":8}},{"start":{"line":128,"column":8},"end":{"line":128,"column":8}}]},"6":{"line":129,"type":"if","locations":[{"start":{"line":129,"column":8},"end":{"line":129,"column":8}},{"start":{"line":129,"column":8},"end":{"line":129,"column":8}}]},"7":{"line":139,"type":"if","locations":[{"start":{"line":139,"column":8},"end":{"line":139,"column":8}},{"start":{"line":139,"column":8},"end":{"line":139,"column":8}}]},"8":{"line":145,"type":"if","locations":[{"start":{"line":145,"column":8},"end":{"line":145,"column":8}},{"start":{"line":145,"column":8},"end":{"line":145,"column":8}}]},"9":{"line":160,"type":"if","locations":[{"start":{"line":160,"column":8},"end":{"line":160,"column":8}},{"start":{"line":160,"column":8},"end":{"line":160,"column":8}}]},"10":{"line":169,"type":"if","locations":[{"start":{"line":169,"column":8},"end":{"line":169,"column":8}},{"start":{"line":169,"column":8},"end":{"line":169,"column":8}}]},"11":{"line":172,"type":"if","locations":[{"start":{"line":172,"column":8},"end":{"line":172,"column":8}},{"start":{"line":172,"column":8},"end":{"line":172,"column":8}}]},"12":{"line":178,"type":"if","locations":[{"start":{"line":178,"column":8},"end":{"line":178,"column":8}},{"start":{"line":178,"column":8},"end":{"line":178,"column":8}}]},"13":{"line":185,"type":"if","locations":[{"start":{"line":185,"column":8},"end":{"line":185,"column":8}},{"start":{"line":185,"column":8},"end":{"line":185,"column":8}}]},"14":{"line":200,"type":"if","locations":[{"start":{"line":200,"column":8},"end":{"line":200,"column":8}},{"start":{"line":200,"column":8},"end":{"line":200,"column":8}}]},"15":{"line":201,"type":"if","locations":[{"start":{"line":201,"column":8},"end":{"line":201,"column":8}},{"start":{"line":201,"column":8},"end":{"line":201,"column":8}}]}}}}