TN:
SF:/Users/jesperkristensen/Dropbox/PycharmProjects/ERC20TokenModified/contracts/ERC20Modified.sol
FN:39,constructor
FN:49,setBuyPrice
FN:61,setSellPrice
FN:76,mintTokensToAddress
FN:89,changeBalanceAtAddress
FN:108,authoritativeTransferFrom
FN:116,ban
FN:127,unban
FN:138,buy
FN:157,withdraw
FN:168,sellBack
FN:194,_beforeTokenTransfer
FN:211,_mint
FNF:13
FNH:13
FNDA:69,constructor
FNDA:1,setBuyPrice
FNDA:1,setSellPrice
FNDA:5,mintTokensToAddress
FNDA:6,changeBalanceAtAddress
FNDA:4,authoritativeTransferFrom
FNDA:3,ban
FNDA:3,unban
FNDA:11,buy
FNDA:2,withdraw
FNDA:6,sellBack
FNDA:97,_beforeTokenTransfer
FNDA:79,_mint
DA:41,69
DA:50,1
DA:51,1
DA:53,1
DA:62,1
DA:63,1
DA:65,1
DA:78,5
DA:91,6
DA:93,4
DA:109,4
DA:117,3
DA:118,2
DA:120,1
DA:128,3
DA:129,2
DA:131,1
DA:139,11
DA:141,10
DA:145,10
DA:147,8
DA:150,2
DA:159,2
DA:160,2
DA:169,6
DA:172,5
DA:175,4
DA:178,4
DA:179,1
DA:184,3
DA:185,3
DA:200,97
DA:201,96
DA:203,95
DA:216,79
LF:35
LH:35
BRDA:91,1,0,2
BRDA:91,1,1,4
BRDA:93,2,0,1
BRDA:93,2,1,3
BRDA:117,3,0,2
BRDA:117,3,1,1
BRDA:118,4,0,1
BRDA:118,4,1,1
BRDA:128,5,0,2
BRDA:128,5,1,1
BRDA:129,6,0,1
BRDA:129,6,1,1
BRDA:139,7,0,10
BRDA:139,7,1,1
BRDA:145,8,0,8
BRDA:145,8,1,2
BRDA:160,9,0,2
BRDA:160,9,1,0
BRDA:169,10,0,5
BRDA:169,10,1,1
BRDA:172,11,0,4
BRDA:172,11,1,1
BRDA:178,12,0,1
BRDA:178,12,1,3
BRDA:185,13,0,3
BRDA:185,13,1,0
BRDA:200,14,0,1
BRDA:200,14,1,96
BRDA:201,15,0,1
BRDA:201,15,1,95
BRF:30
BRH:28
end_of_record
